<?xml version="1.0" encoding="UTF-8"?>
<!-- Generated by org.testng.reporters.JUnitReportReporter -->
<testsuite hostname="AKHILESG-IN" name="testCases.GmailLogin" tests="1" failures="0" timestamp="19 Jan 2020 07:13:47 GMT" time="6.250" errors="0">
  <testcase name="doLogin" time="6.250" classname="testCases.GmailLogin"/>
</testsuite> <!-- testCases.GmailLogin -->
