<?xml version="1.0" encoding="UTF-8"?>
<!-- Generated by org.testng.reporters.JUnitReportReporter -->
<testsuite hostname="AKHILESG-IN" name="testCases.GmailLogin" tests="1" failures="0" timestamp="1 Feb 2020 18:03:14 GMT" time="22.862" errors="0">
  <testcase name="doLogin" time="22.862" classname="testCases.GmailLogin"/>
</testsuite> <!-- testCases.GmailLogin -->
